210101
210121
210123
212101
212121
212123
212321
212323
212343
212345
232101
232121
232123
232321
232323
232343
232345
234321
234323
234343
234345
234543
234545
234565
234567
321010
321012
321210
321212
321232
321234
323210
323212
323232
323234
323432
323434
323454
323456
343210
343212
343232
343234
343432
343434
343454
343456
345432
345434
345454
345456
345654
345656
345676
345678
432101
432121
432123
432321
432323
432343
432345
434321
434323
434343
434345
434543
434545
434565
434567
454321
454323
454343
454345
454543
454545
454565
454567
456543
456545
456565
456567
456765
456767
456787
456789
543210
543212
543232
543234
543432
543434
543454
543456
545432
545434
545454
545456
545654
545656
545676
545678
565432
565434
565454
565456
565654
565656
565676
565678
567654
567656
567676
567678
567876
567878
567898
654321
654323
654343
654345
654543
654545
654565
654567
656543
656545
656565
656567
656765
656767
656787
656789
676543
676545
676565
676567
676765
676767
676787
676789
678765
678767
678787
678789
678987
678989
765432
765434
765454
765456
765654
765656
765676
765678
767654
767656
767676
767678
767876
767878
767898
787654
787656
787676
787678
787876
787878
787898
789876
789878
789898
876543
876545
876565
876567
876765
876767
876787
876789
878765
878767
878787
878789
878987
878989
898765
898767
898787
898789
898987
898989
987654
987656
987676
987678
987876
987878
987898
989876
989878
989898
1010101
1010121
1010123
1012101
1012121
1012123
1012321
1012323
1012343
1012345
1210101
1210121
1210123
1212101
1212121
1212123
1212321
1212323
1212343
1212345
1232101
1232121
1232123
1232321
1232323
1232343
1232345
1234321
1234323
1234343
1234345
1234543
1234545
1234565
1234567
2101010
2101012
2101210
2101212
2101232
2101234
2121010
2121012
2121210
2121212
2121232
2121234
2123210
2123212
2123232
2123234
2123432
2123434
2123454
2123456
2321010
2321012
2321210
2321212
2321232
2321234
2323210
2323212
2323232
2323234
2323432
2323434
2323454
2323456
2343210
2343212
2343232
2343234
2343432
2343434
2343454
2343456
2345432
2345434
2345454
2345456
2345654
2345656
2345676
2345678
3210101
3210121
3210123
3212101
3212121
3212123
3212321
3212323
3212343
3212345
3232101
3232121
3232123
3232321
3232323
3232343
3232345
3234321
3234323
3234343
3234345
3234543
3234545
3234565
3234567
3432101
3432121
3432123
3432321
3432323
3432343
3432345
3434321
3434323
3434343
3434345
3434543
3434545
3434565
3434567
3454321
3454323
3454343
3454345
3454543
3454545
3454565
3454567
3456543
3456545
3456565
3456567
3456765
3456767
3456787
3456789
4321010
4321012
4321210
4321212
4321232
4321234
4323210
4323212
4323232
4323234
4323432
4323434
4323454
4323456
4343210
4343212
4343232
4343234
4343432
4343434
4343454
4343456
4345432
4345434
4345454
4345456
4345654
4345656
4345676
4345678
4543210
4543212
4543232
4543234
4543432
4543434
4543454
4543456
4545432
4545434
4545454
4545456
4545654
4545656
4545676
4545678
4565432
4565434
4565454
4565456
4565654
4565656
4565676
4565678
4567654
4567656
4567676
4567678
4567876
4567878
4567898
5432101
5432121
5432123
5432321
5432323
5432343
5432345
5434321
5434323
5434343
5434345
5434543
5434545
5434565
5434567
5454321
5454323
5454343
5454345
5454543
5454545
5454565
5454567
5456543
5456545
5456565
5456567
5456765
5456767
5456787
5456789
5654321
5654323
5654343
5654345
5654543
5654545
5654565
5654567
5656543
5656545
5656565
5656567
5656765
5656767
5656787
5656789
5676543
5676545
5676565
5676567
5676765
5676767
5676787
5676789
5678765
5678767
5678787
5678789
5678987
5678989
6543210
6543212
6543232
6543234
6543432
6543434
6543454
6543456
6545432
6545434
6545454
6545456
6545654
6545656
6545676
6545678
6565432
6565434
6565454
6565456
6565654
6565656
6565676
6565678
6567654
6567656
6567676
6567678
6567876
6567878
6567898
6765432
6765434
6765454
6765456
6765654
6765656
6765676
6765678
6767654
6767656
6767676
6767678
6767876
6767878
6767898
6787654
6787656
6787676
6787678
6787876
6787878
6787898
6789876
6789878
6789898
7654321
7654323
7654343
7654345
7654543
7654545
7654565
7654567
7656543
7656545
7656565
7656567
7656765
7656767
7656787
7656789
7676543
7676545
7676565
7676567
7676765
7676767
7676787
7676789
7678765
7678767
7678787
7678789
7678987
7678989
7876543
7876545
7876565
7876567
7876765
7876767
7876787
7876789
7878765
7878767
7878787
7878789
7878987
7878989
7898765
7898767
7898787
7898789
7898987
7898989
8765432
8765434
8765454
8765456
8765654
8765656
8765676
8765678
8767654
8767656
8767676
8767678
8767876
8767878
8767898
8787654
8787656
8787676
8787678
8787876
8787878
8787898
8789876
8789878
8789898
8987654
8987656
8987676
8987678
8987876
8987878
8987898
8989876
8989878
8989898
9876543
9876545
9876565
9876567
9876765
9876767
9876787
9876789
9878765
9878767
9878787
9878789
9878987
9878989
9898765
9898767
9898787
9898789
9898987
9898989
10101010
10101012
10101210
10101212
10101232
10101234
10121010
10121012
10121210
10121212
10121232
10121234
10123210
10123212
10123232
10123234
10123432
10123434
10123454
10123456
12101010
12101012
12101210
12101212
12101232
12101234
12121010
12121012
12121210
12121212
12121232
12121234
12123210
12123212
12123232
12123234
12123432
12123434
12123454
12123456
12321010
12321012
12321210
12321212
12321232
12321234
12323210
12323212
12323232
12323234
12323432
12323434
12323454
12323456
12343210
12343212
12343232
12343234
12343432
12343434
12343454
12343456
12345432
12345434
12345454
12345456
12345654
12345656
12345676
12345678
21010101
21010121
21010123
21012101
21012121
21012123
21012321
21012323
21012343
21012345
21210101
21210121
21210123
21212101
21212121
21212123
21212321
21212323
21212343
21212345
21232101
21232121
21232123
21232321
21232323
21232343
21232345
21234321
21234323
21234343
21234345
21234543
21234545
21234565
21234567
23210101
23210121
23210123
23212101
23212121
23212123
23212321
23212323
23212343
23212345
23232101
23232121
23232123
23232321
23232323
23232343
23232345
23234321
23234323
23234343
23234345
23234543
23234545
23234565
23234567
23432101
23432121
23432123
23432321
23432323
23432343
23432345
23434321
23434323
23434343
23434345
23434543
23434545
23434565
23434567
23454321
23454323
23454343
23454345
23454543
23454545
23454565
23454567
23456543
23456545
23456565
23456567
23456765
23456767
23456787
23456789
32101010
32101012
32101210
32101212
32101232
32101234
32121010
32121012
32121210
32121212
32121232
32121234
32123210
32123212
32123232
32123234
32123432
32123434
32123454
32123456
32321010
32321012
32321210
32321212
32321232
32321234
32323210
32323212
32323232
32323234
32323432
32323434
32323454
32323456
32343210
32343212
32343232
32343234
32343432
32343434
32343454
32343456
32345432
32345434
32345454
32345456
32345654
32345656
32345676
32345678
34321010
34321012
34321210
34321212
34321232
34321234
34323210
34323212
34323232
34323234
34323432
34323434
34323454
34323456
34343210
34343212
34343232
34343234
34343432
34343434
34343454
34343456
34345432
34345434
34345454
34345456
34345654
34345656
34345676
34345678
34543210
34543212
34543232
34543234
34543432
34543434
34543454
34543456
34545432
34545434
34545454
34545456
34545654
34545656
34545676
34545678
34565432
34565434
34565454
34565456
34565654
34565656
34565676
34565678
34567654
34567656
34567676
34567678
34567876
34567878
34567898
43210101
43210121
43210123
43212101
43212121
43212123
43212321
43212323
43212343
43212345
43232101
43232121
43232123
43232321
43232323
43232343
43232345
43234321
43234323
43234343
43234345
43234543
43234545
43234565
43234567
43432101
43432121
43432123
43432321
43432323
43432343
43432345
43434321
43434323
43434343
43434345
43434543
43434545
43434565
43434567
43454321
43454323
43454343
43454345
43454543
43454545
43454565
43454567
43456543
43456545
43456565
43456567
43456765
43456767
43456787
43456789
45432101
45432121
45432123
45432321
45432323
45432343
45432345
45434321
45434323
45434343
45434345
45434543
45434545
45434565
45434567
45454321
45454323
45454343
45454345
45454543
45454545
45454565
45454567
45456543
45456545
45456565
45456567
45456765
45456767
45456787
45456789
45654321
45654323
45654343
45654345
45654543
45654545
45654565
45654567
45656543
45656545
45656565
45656567
45656765
45656767
45656787
45656789
45676543
45676545
45676565
45676567
45676765
45676767
45676787
45676789
45678765
45678767
45678787
45678789
45678987
45678989
54321010
54321012
54321210
54321212
54321232
54321234
54323210
54323212
54323232
54323234
54323432
54323434
54323454
54323456
54343210
54343212
54343232
54343234
54343432
54343434
54343454
54343456
54345432
54345434
54345454
54345456
54345654
54345656
54345676
54345678
54543210
54543212
54543232
54543234
54543432
54543434
54543454
54543456
54545432
54545434
54545454
54545456
54545654
54545656
54545676
54545678
54565432
54565434
54565454
54565456
54565654
54565656
54565676
54565678
54567654
54567656
54567676
54567678
54567876
54567878
54567898
56543210
56543212
56543232
56543234
56543432
56543434
56543454
56543456
56545432
56545434
56545454
56545456
56545654
56545656
56545676
56545678
56565432
56565434
56565454
56565456
56565654
56565656
56565676
56565678
56567654
56567656
56567676
56567678
56567876
56567878
56567898
56765432
56765434
56765454
56765456
56765654
56765656
56765676
56765678
56767654
56767656
56767676
56767678
56767876
56767878
56767898
56787654
56787656
56787676
56787678
56787876
56787878
56787898
56789876
56789878
56789898
65432101
65432121
65432123
65432321
65432323
65432343
65432345
65434321
65434323
65434343
65434345
65434543
65434545
65434565
65434567
65454321
65454323
65454343
65454345
65454543
65454545
65454565
65454567
65456543
65456545
65456565
65456567
65456765
65456767
65456787
65456789
65654321
65654323
65654343
65654345
65654543
65654545
65654565
65654567
65656543
65656545
65656565
65656567
65656765
65656767
65656787
65656789
65676543
65676545
65676565
65676567
65676765
65676767
65676787
65676789
65678765
65678767
65678787
65678789
65678987
65678989
67654321
67654323
67654343
67654345
67654543
67654545
67654565
67654567
67656543
67656545
67656565
67656567
67656765
67656767
67656787
67656789
67676543
67676545
67676565
67676567
67676765
67676767
67676787
67676789
67678765
67678767
67678787
67678789
67678987
67678989
67876543
67876545
67876565
67876567
67876765
67876767
67876787
67876789
67878765
67878767
67878787
67878789
67878987
67878989
67898765
67898767
67898787
67898789
67898987
67898989
76543210
76543212
76543232
76543234
76543432
76543434
76543454
76543456
76545432
76545434
76545454
76545456
76545654
76545656
76545676
76545678
76565432
76565434
76565454
76565456
76565654
76565656
76565676
76565678
76567654
76567656
76567676
76567678
76567876
76567878
76567898
76765432
76765434
76765454
76765456
76765654
76765656
76765676
76765678
76767654
76767656
76767676
76767678
76767876
76767878
76767898
76787654
76787656
76787676
76787678
76787876
76787878
76787898
76789876
76789878
76789898
78765432
78765434
78765454
78765456
78765654
78765656
78765676
78765678
78767654
78767656
78767676
78767678
78767876
78767878
78767898
78787654
78787656
78787676
78787678
78787876
78787878
78787898
78789876
78789878
78789898
78987654
78987656
78987676
78987678
78987876
78987878
78987898
78989876
78989878
78989898
87654321
87654323
87654343
87654345
87654543
87654545
87654565
87654567
87656543
87656545
87656565
87656567
87656765
87656767
87656787
87656789
87676543
87676545
87676565
87676567
87676765
87676767
87676787
87676789
87678765
87678767
87678787
87678789
87678987
87678989
87876543
87876545
87876565
87876567
87876765
87876767
87876787
87876789
87878765
87878767
87878787
87878789
87878987
87878989
87898765
87898767
87898787
87898789
87898987
87898989
89876543
89876545
89876565
89876567
89876765
89876767
89876787
89876789
89878765
89878767
89878787
89878789
89878987
89878989
89898765
89898767
89898787
89898789
89898987
89898989
